mode: set
github.com/PatrickLaabs/eros/api/start.go:35.14,42.2 5 0
github.com/PatrickLaabs/eros/main.go:9.13,11.2 1 0
github.com/PatrickLaabs/eros/api/middleware/router.go:13.45,14.71 1 0
github.com/PatrickLaabs/eros/api/middleware/router.go:14.71,19.15 2 0
github.com/PatrickLaabs/eros/api/middleware/router.go:20.19,21.24 1 0
github.com/PatrickLaabs/eros/api/middleware/router.go:22.22,23.27 1 0
github.com/PatrickLaabs/eros/api/middleware/router.go:24.11,27.10 2 0
github.com/PatrickLaabs/eros/api/middleware/router.go:31.3,31.23 1 0
github.com/PatrickLaabs/eros/cmd/backendserver/server.go:18.47,20.3 1 0
github.com/PatrickLaabs/eros/cmd/backendserver/server.go:23.13,26.2 2 0
github.com/PatrickLaabs/eros/cmd/backendserver/start.go:17.47,26.3 2 0
github.com/PatrickLaabs/eros/cmd/backendserver/stop.go:16.47,24.3 1 0
github.com/PatrickLaabs/eros/cmd/root.go:22.16,24.16 2 0
github.com/PatrickLaabs/eros/cmd/root.go:24.16,26.3 1 0
github.com/PatrickLaabs/eros/cmd/root.go:29.13,32.2 2 0
github.com/PatrickLaabs/eros/pkg/testhelper/testhelper.go:14.59,17.2 2 0
github.com/PatrickLaabs/eros/pkg/testhelper/testhelper.go:19.48,21.17 2 0
github.com/PatrickLaabs/eros/pkg/testhelper/testhelper.go:21.17,23.3 1 0
github.com/PatrickLaabs/eros/pkg/testhelper/testhelper.go:26.57,28.17 2 0
github.com/PatrickLaabs/eros/pkg/testhelper/testhelper.go:28.17,30.3 1 0
github.com/PatrickLaabs/eros/cmd/frontendserver/server.go:18.47,20.3 1 0
github.com/PatrickLaabs/eros/cmd/frontendserver/server.go:23.13,26.2 2 0
github.com/PatrickLaabs/eros/cmd/frontendserver/start.go:16.47,18.3 1 0
github.com/PatrickLaabs/eros/cmd/frontendserver/stop.go:15.48,17.3 0 0
github.com/PatrickLaabs/eros/docs/docs.go:43.13,45.2 1 0
github.com/PatrickLaabs/eros/frontend/views/footer_templ.go:19.31,20.131 1 0
github.com/PatrickLaabs/eros/frontend/views/footer_templ.go:20.131,23.31 3 0
github.com/PatrickLaabs/eros/frontend/views/footer_templ.go:23.31,24.17 1 0
github.com/PatrickLaabs/eros/frontend/views/footer_templ.go:24.17,26.34 2 0
github.com/PatrickLaabs/eros/frontend/views/footer_templ.go:26.34,28.6 1 0
github.com/PatrickLaabs/eros/frontend/views/footer_templ.go:31.3,33.33 3 0
github.com/PatrickLaabs/eros/frontend/views/footer_templ.go:33.33,35.4 1 0
github.com/PatrickLaabs/eros/frontend/views/footer_templ.go:36.3,38.32 3 0
github.com/PatrickLaabs/eros/frontend/views/footer_templ.go:38.32,40.4 1 0
github.com/PatrickLaabs/eros/frontend/views/footer_templ.go:41.3,41.28 1 0
github.com/PatrickLaabs/eros/frontend/views/header_templ.go:19.31,20.131 1 0
github.com/PatrickLaabs/eros/frontend/views/header_templ.go:20.131,23.31 3 0
github.com/PatrickLaabs/eros/frontend/views/header_templ.go:23.31,24.17 1 0
github.com/PatrickLaabs/eros/frontend/views/header_templ.go:24.17,26.34 2 0
github.com/PatrickLaabs/eros/frontend/views/header_templ.go:26.34,28.6 1 0
github.com/PatrickLaabs/eros/frontend/views/header_templ.go:31.3,33.33 3 0
github.com/PatrickLaabs/eros/frontend/views/header_templ.go:33.33,35.4 1 0
github.com/PatrickLaabs/eros/frontend/views/header_templ.go:36.3,38.32 3 0
github.com/PatrickLaabs/eros/frontend/views/header_templ.go:38.32,40.4 1 0
github.com/PatrickLaabs/eros/frontend/views/header_templ.go:41.3,41.28 1 0
github.com/PatrickLaabs/eros/frontend/views/landing_templ.go:19.36,20.131 1 0
github.com/PatrickLaabs/eros/frontend/views/landing_templ.go:20.131,23.31 3 0
github.com/PatrickLaabs/eros/frontend/views/landing_templ.go:23.31,24.17 1 0
github.com/PatrickLaabs/eros/frontend/views/landing_templ.go:24.17,26.34 2 0
github.com/PatrickLaabs/eros/frontend/views/landing_templ.go:26.34,28.6 1 0
github.com/PatrickLaabs/eros/frontend/views/landing_templ.go:31.3,33.33 3 0
github.com/PatrickLaabs/eros/frontend/views/landing_templ.go:33.33,35.4 1 0
github.com/PatrickLaabs/eros/frontend/views/landing_templ.go:36.3,38.32 3 0
github.com/PatrickLaabs/eros/frontend/views/landing_templ.go:38.32,40.4 1 0
github.com/PatrickLaabs/eros/frontend/views/landing_templ.go:41.3,42.32 2 0
github.com/PatrickLaabs/eros/frontend/views/landing_templ.go:42.32,44.4 1 0
github.com/PatrickLaabs/eros/frontend/views/landing_templ.go:45.3,46.32 2 0
github.com/PatrickLaabs/eros/frontend/views/landing_templ.go:46.32,48.4 1 0
github.com/PatrickLaabs/eros/frontend/views/landing_templ.go:49.3,50.32 2 0
github.com/PatrickLaabs/eros/frontend/views/landing_templ.go:50.32,52.4 1 0
github.com/PatrickLaabs/eros/frontend/views/landing_templ.go:53.3,54.32 2 0
github.com/PatrickLaabs/eros/frontend/views/landing_templ.go:54.32,56.4 1 0
github.com/PatrickLaabs/eros/frontend/views/landing_templ.go:57.3,57.28 1 0
github.com/PatrickLaabs/eros/pkg/preflight/checks.go:7.16,7.17 0 0
github.com/PatrickLaabs/eros/pkg/kind/cofiggen.go:12.25,46.16 3 1
github.com/PatrickLaabs/eros/pkg/kind/cofiggen.go:46.16,48.3 1 0
github.com/PatrickLaabs/eros/pkg/kind/cofiggen.go:50.2,50.17 1 1
github.com/PatrickLaabs/eros/pkg/kind/create.go:14.73,19.16 2 0
github.com/PatrickLaabs/eros/pkg/kind/create.go:19.16,21.3 1 0
github.com/PatrickLaabs/eros/pkg/kind/create.go:23.2,25.16 3 0
github.com/PatrickLaabs/eros/pkg/kind/create.go:25.16,27.3 1 0
github.com/PatrickLaabs/eros/pkg/kind/delete.go:12.45,15.16 3 0
github.com/PatrickLaabs/eros/pkg/kind/delete.go:15.16,18.3 2 0
github.com/PatrickLaabs/eros/pkg/kind/delete.go:19.2,19.12 1 0
github.com/PatrickLaabs/eros/pkg/kind/getclusters.go:14.58,18.16 3 0
github.com/PatrickLaabs/eros/pkg/kind/getclusters.go:18.16,20.3 1 0
github.com/PatrickLaabs/eros/pkg/kind/getclusters.go:23.2,25.16 3 0
github.com/PatrickLaabs/eros/pkg/kind/getclusters.go:25.16,27.3 1 0
github.com/PatrickLaabs/eros/pkg/kind/getclusters.go:28.2,28.34 1 0
github.com/PatrickLaabs/eros/frontend/start.go:27.14,36.2 6 0
github.com/PatrickLaabs/eros/frontend/views/footer_templ.go:19.31,20.131 1 0
github.com/PatrickLaabs/eros/frontend/views/footer_templ.go:20.131,23.31 3 0
github.com/PatrickLaabs/eros/frontend/views/footer_templ.go:23.31,24.17 1 0
github.com/PatrickLaabs/eros/frontend/views/footer_templ.go:24.17,26.34 2 0
github.com/PatrickLaabs/eros/frontend/views/footer_templ.go:26.34,28.6 1 0
github.com/PatrickLaabs/eros/frontend/views/footer_templ.go:31.3,33.33 3 0
github.com/PatrickLaabs/eros/frontend/views/footer_templ.go:33.33,35.4 1 0
github.com/PatrickLaabs/eros/frontend/views/footer_templ.go:36.3,38.32 3 0
github.com/PatrickLaabs/eros/frontend/views/footer_templ.go:38.32,40.4 1 0
github.com/PatrickLaabs/eros/frontend/views/footer_templ.go:41.3,41.28 1 0
github.com/PatrickLaabs/eros/frontend/views/header_templ.go:19.31,20.131 1 0
github.com/PatrickLaabs/eros/frontend/views/header_templ.go:20.131,23.31 3 0
github.com/PatrickLaabs/eros/frontend/views/header_templ.go:23.31,24.17 1 0
github.com/PatrickLaabs/eros/frontend/views/header_templ.go:24.17,26.34 2 0
github.com/PatrickLaabs/eros/frontend/views/header_templ.go:26.34,28.6 1 0
github.com/PatrickLaabs/eros/frontend/views/header_templ.go:31.3,33.33 3 0
github.com/PatrickLaabs/eros/frontend/views/header_templ.go:33.33,35.4 1 0
github.com/PatrickLaabs/eros/frontend/views/header_templ.go:36.3,38.32 3 0
github.com/PatrickLaabs/eros/frontend/views/header_templ.go:38.32,40.4 1 0
github.com/PatrickLaabs/eros/frontend/views/header_templ.go:41.3,41.28 1 0
github.com/PatrickLaabs/eros/frontend/views/landing_templ.go:19.36,20.131 1 0
github.com/PatrickLaabs/eros/frontend/views/landing_templ.go:20.131,23.31 3 0
github.com/PatrickLaabs/eros/frontend/views/landing_templ.go:23.31,24.17 1 0
github.com/PatrickLaabs/eros/frontend/views/landing_templ.go:24.17,26.34 2 0
github.com/PatrickLaabs/eros/frontend/views/landing_templ.go:26.34,28.6 1 0
github.com/PatrickLaabs/eros/frontend/views/landing_templ.go:31.3,33.33 3 0
github.com/PatrickLaabs/eros/frontend/views/landing_templ.go:33.33,35.4 1 0
github.com/PatrickLaabs/eros/frontend/views/landing_templ.go:36.3,38.32 3 0
github.com/PatrickLaabs/eros/frontend/views/landing_templ.go:38.32,40.4 1 0
github.com/PatrickLaabs/eros/frontend/views/landing_templ.go:41.3,42.32 2 0
github.com/PatrickLaabs/eros/frontend/views/landing_templ.go:42.32,44.4 1 0
github.com/PatrickLaabs/eros/frontend/views/landing_templ.go:45.3,46.32 2 0
github.com/PatrickLaabs/eros/frontend/views/landing_templ.go:46.32,48.4 1 0
github.com/PatrickLaabs/eros/frontend/views/landing_templ.go:49.3,50.32 2 0
github.com/PatrickLaabs/eros/frontend/views/landing_templ.go:50.32,52.4 1 0
github.com/PatrickLaabs/eros/frontend/views/landing_templ.go:53.3,54.32 2 0
github.com/PatrickLaabs/eros/frontend/views/landing_templ.go:54.32,56.4 1 0
github.com/PatrickLaabs/eros/frontend/views/landing_templ.go:57.3,57.28 1 0
github.com/PatrickLaabs/eros/api/routes/kubernetes.go:17.57,21.18 3 1
github.com/PatrickLaabs/eros/api/routes/kubernetes.go:21.18,24.3 2 1
github.com/PatrickLaabs/eros/api/routes/kubernetes.go:27.2,27.16 1 1
github.com/PatrickLaabs/eros/api/routes/kubernetes.go:28.22,30.33 2 0
github.com/PatrickLaabs/eros/api/routes/kubernetes.go:31.22,34.17 3 0
github.com/PatrickLaabs/eros/api/routes/kubernetes.go:34.17,36.4 1 0
github.com/PatrickLaabs/eros/api/routes/kubernetes.go:37.27,39.25 2 1
github.com/PatrickLaabs/eros/api/routes/kubernetes.go:40.13,42.40 2 1
github.com/PatrickLaabs/eros/api/routes/kubernetes.go:43.10,44.61 1 1
github.com/PatrickLaabs/eros/api/routes/registerroutes.go:19.41,20.38 1 0
github.com/PatrickLaabs/eros/api/routes/registerroutes.go:20.38,22.3 1 0
github.com/PatrickLaabs/eros/api/routes/swagger.go:13.54,15.2 1 0
github.com/PatrickLaabs/eros/api/routes/version.go:21.54,24.16 3 1
github.com/PatrickLaabs/eros/api/routes/version.go:24.16,27.3 2 0
github.com/PatrickLaabs/eros/docs/docs.go:43.13,45.2 1 1
